<?xml version="1.0" encoding="UTF-8"?>
<!-- Generated by org.testng.reporters.JUnitReportReporter -->
<testsuite hostname="admins-mac-mini.in.dhcp.saint-gobain.net" name="test.java.LoginTest" tests="3" failures="0" timestamp="6 Mar 2020 09:52:08 GMT" time="16.418" errors="0">
  <testcase name="checkloginpage" time="5.678" classname="test.java.LoginTest"/>
  <testcase name="AdminvalidLogin" time="8.620" classname="test.java.LoginTest"/>
  <testcase name="invalidLogin" time="2.120" classname="test.java.LoginTest"/>
</testsuite> <!-- test.java.LoginTest -->
