<?xml version="1.0" encoding="UTF-8"?>
<!-- Generated by org.testng.reporters.JUnitReportReporter -->
<testsuite skipped="0" hostname="LT106307" name="testCases.ApiTestCases" tests="1" failures="0" timestamp="01 Jul 2020 13:38:46 GMT" time="41.131" errors="0">
  <testcase name="apiCollections" time="41.131" classname="testCases.ApiTestCases"/>
</testsuite> <!-- testCases.ApiTestCases -->
