<?xml version="1.0" encoding="UTF-8"?>
<!-- Generated by org.testng.reporters.JUnitReportReporter -->
<testsuite hostname="admins-mac-mini.in.dhcp.saint-gobain.net" name="test.java.LoginTest" tests="3" failures="0" timestamp="11 Jan 2019 07:06:41 GMT" time="9.310" errors="0">
  <testcase name="AdminvalidLogin" time="5.620" classname="test.java.LoginTest"/>
  <testcase name="checkloginpage" time="0.699" classname="test.java.LoginTest"/>
  <testcase name="invalidLogin" time="2.991" classname="test.java.LoginTest"/>
</testsuite> <!-- test.java.LoginTest -->
