<?xml version="1.0" encoding="UTF-8"?>
<!-- Generated by org.testng.reporters.JUnitReportReporter -->
<testsuite skipped="0" hostname="LT106307" name="testCases.PreparationPageFunctionality" tests="1" failures="0" timestamp="01 Jul 2020 13:38:46 GMT" time="396.976" errors="0">
  <testcase name="verifyAdminUser" time="396.976" classname="testCases.PreparationPageFunctionality"/>
</testsuite> <!-- testCases.PreparationPageFunctionality -->
