<?xml version="1.0" encoding="UTF-8"?>
<!-- Generated by org.testng.reporters.JUnitReportReporter -->
<testsuite hostname="admins-mac-mini.in.dhcp.saint-gobain.net" name="test.java.UserTest" tests="4" failures="0" timestamp="6 Mar 2020 07:37:18 GMT" time="26.520" errors="0">
  <testcase name="CreateNewUser" time="13.219" classname="test.java.UserTest"/>
  <testcase name="EditNewUser" time="9.355" classname="test.java.UserTest"/>
  <testcase name="VerifyErrorOnUser" time="2.544" classname="test.java.UserTest"/>
  <testcase name="Verifyreacharche" time="1.402" classname="test.java.UserTest"/>
</testsuite> <!-- test.java.UserTest -->
