<?xml version="1.0" encoding="UTF-8"?>
<!-- Generated by org.testng.reporters.JUnitReportReporter -->
<testsuite skipped="0" hostname="LT106307" name="webBase.APICollection" tests="1" failures="0" timestamp="08 May 2020 10:22:15 GMT" time="3.663" errors="0">
  <testcase name="getAgenciesApi" time="3.663" classname="webBase.APICollection"/>
</testsuite> <!-- webBase.APICollection -->
