<?xml version="1.0" encoding="UTF-8"?>
<!-- Generated by org.testng.reporters.JUnitReportReporter -->
<testsuite skipped="0" hostname="LT106307" name="testCases.APICollection" tests="1" failures="0" timestamp="08 May 2020 12:46:24 GMT" time="3.103" errors="0">
  <testcase name="vegaWebService" time="3.103" classname="testCases.APICollection"/>
</testsuite> <!-- testCases.APICollection -->
