<?xml version="1.0" encoding="UTF-8"?>
<!-- Generated by org.testng.reporters.JUnitReportReporter -->
<testsuite skipped="0" hostname="LT106307" name="testCases.ApiTest" tests="1" failures="0" timestamp="08 May 2020 13:38:04 GMT" time="5.049" errors="0">
  <testcase name="testApi" time="5.049" classname="testCases.ApiTest"/>
</testsuite> <!-- testCases.ApiTest -->
