<?xml version="1.0" encoding="UTF-8"?>
<!-- Generated by org.testng.reporters.JUnitReportReporter -->
<testsuite hostname="admins-mac-mini.in.dhcp.saint-gobain.net" name="test.java.supplierTest" tests="9" failures="0" timestamp="6 Mar 2020 07:37:18 GMT" time="101.400" errors="0">
  <testcase name="SendMailToSupplier" time="22.966" classname="test.java.supplierTest"/>
  <testcase name="CheckLOGforcreation" time="4.227" classname="test.java.supplierTest"/>
  <testcase name="EditNewSupplier" time="14.643" classname="test.java.supplierTest"/>
  <testcase name="downloadfile" time="10.141" classname="test.java.supplierTest"/>
  <testcase name="DeleteSupplier" time="10.688" classname="test.java.supplierTest"/>
  <testcase name="verifyExcelDownload" time="9.386" classname="test.java.supplierTest"/>
  <testcase name="CheckLOGfordelete" time="2.991" classname="test.java.supplierTest"/>
  <testcase name="CheckLOGformodification" time="4.048" classname="test.java.supplierTest"/>
  <testcase name="CreateNewSupplier" time="22.310" classname="test.java.supplierTest"/>
</testsuite> <!-- test.java.supplierTest -->
